[] [8/6/2016 2:21 PM] [] USER = ADMIN IS ACTIVE
[ADMIN] [8/6/2016 2:21 PM] [] USER ID = 1 LOGIN SUCCESSFULLY
[ADMIN] [8/6/2016 2:21 PM] [] ACTIVATE USER ACCESS RIGHT
[ADMIN] [8/6/2016 2:21 PM] [] DISPLAY ADMIN FORM
[ADMIN] [8/6/2016 2:21 PM] [] adminForm Load
[ADMIN] [8/6/2016 2:21 PM] [PENJUALAN] CASHIER FORM : MULTIPLE CASHIER INSTANCE [1]
[ADMIN] [8/6/2016 2:21 PM] [PENJUALAN] CASHIER FORM : REGISTER HOTKEY
[ADMIN] [8/6/2016 2:21 PM] [PENJUALAN] CASHIER FORM : cashierForm_Load, ATTEMPT TO LOAD NO FAKTUR
[ADMIN] [8/6/2016 2:21 PM] [PENJUALAN] CASHIER FORM : loadNoFaktur, noFakturValue [SLO001]
[ADMIN] [8/6/2016 2:21 PM] [PENJUALAN] CASHIER FORM : cashierForm_Load, ATTEMPT TO addColumnToDataGrid
[ADMIN] [8/6/2016 2:21 PM] [PENJUALAN] CASHIER FORM : calculateTotal
[ADMIN] [8/6/2016 2:21 PM] [PENJUALAN] CASHIER FORM : calculateTotal [0]
[ADMIN] [8/6/2016 2:21 PM] [PENJUALAN] CASHIER FORM : calculateTotal, totalAfterDisc [0]
[ADMIN] [8/6/2016 2:21 PM] [PENJUALAN] CASHIER FORM : REGISTER HOTKEY
[ADMIN] [8/6/2016 2:21 PM] [PENJUALAN] CASHIER FORM : HOTKEY TO ADD NEW ROW PRESSED
[ADMIN] [8/6/2016 2:21 PM] [PENJUALAN] CASHIER FORM : ADD NEW ROW,  isActive [True]
[ADMIN] [8/6/2016 2:21 PM] [PENJUALAN] CASHIER FORM : ADD NEW ROW,  ROW COUNT [0]
[ADMIN] [8/6/2016 2:21 PM] [PENJUALAN] CASHIER FORM : ADD NEW ROW,  ALLOW TO ADD [True]
[ADMIN] [8/6/2016 2:21 PM] [PENJUALAN] CASHIER FORM : PRODUCT PRICE TYPE [PRODUCT_BASE_PRICE]
[ADMIN] [8/6/2016 2:21 PM] [PENJUALAN] CASHIER FORM : PRODUCT PRICE [49500]
[ADMIN] [8/6/2016 2:21 PM] [PENJUALAN] CASHIER FORM : ComboBox_SelectedIndexChanged, PRODUCT_BASE_PRICE [49500]
[ADMIN] [8/6/2016 2:21 PM] [PENJUALAN] CASHIER FORM : PRODUCT PRICE TYPE [PRODUCT_RETAIL_PRICE]
[ADMIN] [8/6/2016 2:21 PM] [PENJUALAN] CASHIER FORM : PRODUCT PRICE [51000]
[ADMIN] [8/6/2016 2:21 PM] [PENJUALAN] CASHIER FORM : ComboBox_SelectedIndexChanged, PRODUCT_SALES_PRICE [51000]
[ADMIN] [8/6/2016 2:21 PM] [PENJUALAN] CASHIER FORM : ComboBox_SelectedIndexChanged, attempt to calculate total
[ADMIN] [8/6/2016 2:21 PM] [PENJUALAN] CASHIER FORM : calculateTotal
[ADMIN] [8/6/2016 2:21 PM] [PENJUALAN] CASHIER FORM : calculateTotal [0]
[ADMIN] [8/6/2016 2:21 PM] [PENJUALAN] CASHIER FORM : calculateTotal, totalAfterDisc [0]
[ADMIN] [8/6/2016 2:21 PM] [PENJUALAN] CASHIER FORM : TextBox_TextChanged, isLoading [False]
[ADMIN] [8/6/2016 2:21 PM] [PENJUALAN] CASHIER FORM : TextBox_TextChanged, rowSelectedIndex [0]
[ADMIN] [8/6/2016 2:21 PM] [PENJUALAN] CASHIER FORM : TextBox_TextChanged, previousInput [0]
[ADMIN] [8/6/2016 2:21 PM] [PENJUALAN] CASHIER FORM : TextBox_TextChanged, dataGridViewTextBoxEditingControl.Text [0]
[ADMIN] [8/6/2016 2:21 PM] [PENJUALAN] CASHIER FORM : TextBox_TextChanged, dataGridViewTextBoxEditingControl.Text pass REGEX Checking
[ADMIN] [8/6/2016 2:21 PM] [PENJUALAN] CASHIER FORM : CHECK STOCK QTY IS ENOUGH [2]
[ADMIN] [8/6/2016 2:21 PM] [PENJUALAN] CASHIER FORM : CHECK STOCK QTY IS ENOUGH [100, 0]
[ADMIN] [8/6/2016 2:21 PM] [PENJUALAN] CASHIER FORM : CALCULATE SUBTOTAL
[ADMIN] [8/6/2016 2:21 PM] [PENJUALAN] CASHIER FORM : SUBTOTAL [0]
[ADMIN] [8/6/2016 2:21 PM] [PENJUALAN] CASHIER FORM : TextBox_TextChanged, subtotal value [0]
[ADMIN] [8/6/2016 2:21 PM] [PENJUALAN] CASHIER FORM : TextBox_TextChanged, attempt to calculate total value
[ADMIN] [8/6/2016 2:21 PM] [PENJUALAN] CASHIER FORM : calculateTotal
[ADMIN] [8/6/2016 2:21 PM] [PENJUALAN] CASHIER FORM : calculateTotal [0]
[ADMIN] [8/6/2016 2:21 PM] [PENJUALAN] CASHIER FORM : calculateTotal, totalAfterDisc [0]
[ADMIN] [8/6/2016 2:21 PM] [PENJUALAN] CASHIER FORM : TextBox_TextChanged, isLoading [False]
[ADMIN] [8/6/2016 2:21 PM] [PENJUALAN] CASHIER FORM : TextBox_TextChanged, rowSelectedIndex [0]
[ADMIN] [8/6/2016 2:21 PM] [PENJUALAN] CASHIER FORM : TextBox_TextChanged, previousInput [0]
[ADMIN] [8/6/2016 2:21 PM] [PENJUALAN] CASHIER FORM : TextBox_TextChanged, dataGridViewTextBoxEditingControl.Text [2]
[ADMIN] [8/6/2016 2:21 PM] [PENJUALAN] CASHIER FORM : TextBox_TextChanged, dataGridViewTextBoxEditingControl.Text pass REGEX Checking
[ADMIN] [8/6/2016 2:21 PM] [PENJUALAN] CASHIER FORM : CHECK STOCK QTY IS ENOUGH [2]
[ADMIN] [8/6/2016 2:21 PM] [PENJUALAN] CASHIER FORM : CHECK STOCK QTY IS ENOUGH [100, 2]
[ADMIN] [8/6/2016 2:21 PM] [PENJUALAN] CASHIER FORM : CALCULATE SUBTOTAL
[ADMIN] [8/6/2016 2:21 PM] [PENJUALAN] CASHIER FORM : SUBTOTAL [102000]
[ADMIN] [8/6/2016 2:21 PM] [PENJUALAN] CASHIER FORM : TextBox_TextChanged, subtotal value [102000]
[ADMIN] [8/6/2016 2:21 PM] [PENJUALAN] CASHIER FORM : TextBox_TextChanged, attempt to calculate total value
[ADMIN] [8/6/2016 2:21 PM] [PENJUALAN] CASHIER FORM : calculateTotal
[ADMIN] [8/6/2016 2:21 PM] [PENJUALAN] CASHIER FORM : calculateTotal [102000]
[ADMIN] [8/6/2016 2:21 PM] [PENJUALAN] CASHIER FORM : calculateTotal, totalAfterDisc [102000]
[ADMIN] [8/6/2016 2:21 PM] [PENJUALAN] CASHIER FORM : TextBox_TextChanged, isLoading [False]
[ADMIN] [8/6/2016 2:21 PM] [PENJUALAN] CASHIER FORM : TextBox_TextChanged, rowSelectedIndex [0]
[ADMIN] [8/6/2016 2:21 PM] [PENJUALAN] CASHIER FORM : TextBox_TextChanged, previousInput [2]
[ADMIN] [8/6/2016 2:21 PM] [PENJUALAN] CASHIER FORM : TextBox_TextChanged, dataGridViewTextBoxEditingControl.Text pass REGEX Checking
[ADMIN] [8/6/2016 2:21 PM] [PENJUALAN] CASHIER FORM : CHECK STOCK QTY IS ENOUGH [2]
[ADMIN] [8/6/2016 2:21 PM] [PENJUALAN] CASHIER FORM : CHECK STOCK QTY IS ENOUGH [100, 2]
[ADMIN] [8/6/2016 2:21 PM] [PENJUALAN] CASHIER FORM : CALCULATE SUBTOTAL
[ADMIN] [8/6/2016 2:21 PM] [PENJUALAN] CASHIER FORM : SUBTOTAL [102000]
[ADMIN] [8/6/2016 2:21 PM] [PENJUALAN] CASHIER FORM : TextBox_TextChanged, subtotal value [102000]
[ADMIN] [8/6/2016 2:21 PM] [PENJUALAN] CASHIER FORM : TextBox_TextChanged, attempt to calculate total value
[ADMIN] [8/6/2016 2:21 PM] [PENJUALAN] CASHIER FORM : calculateTotal
[ADMIN] [8/6/2016 2:21 PM] [PENJUALAN] CASHIER FORM : calculateTotal [102000]
[ADMIN] [8/6/2016 2:21 PM] [PENJUALAN] CASHIER FORM : calculateTotal, totalAfterDisc [102000]
[ADMIN] [8/6/2016 2:21 PM] [PENJUALAN] CASHIER FORM : HOTKEY TO ADD NEW ROW PRESSED
[ADMIN] [8/6/2016 2:21 PM] [PENJUALAN] CASHIER FORM : ADD NEW ROW,  isActive [True]
[ADMIN] [8/6/2016 2:21 PM] [PENJUALAN] CASHIER FORM : ADD NEW ROW,  ROW COUNT [1]
[ADMIN] [8/6/2016 2:21 PM] [PENJUALAN] CASHIER FORM : ADD NEW ROW,  ALLOW TO ADD [True]
[ADMIN] [8/6/2016 2:21 PM] [PENJUALAN] CASHIER FORM : TextBox_TextChanged, isLoading [False]
[ADMIN] [8/6/2016 2:21 PM] [PENJUALAN] CASHIER FORM : TextBox_TextChanged, rowSelectedIndex [1]
[ADMIN] [8/6/2016 2:21 PM] [PENJUALAN] CASHIER FORM : TextBox_TextChanged, isLoading [False]
[ADMIN] [8/6/2016 2:21 PM] [PENJUALAN] CASHIER FORM : TextBox_TextChanged, rowSelectedIndex [1]
[ADMIN] [8/6/2016 2:21 PM] [PENJUALAN] CASHIER FORM : TextBox_TextChanged, isLoading [False]
[ADMIN] [8/6/2016 2:21 PM] [PENJUALAN] CASHIER FORM : TextBox_TextChanged, rowSelectedIndex [1]
[ADMIN] [8/6/2016 2:21 PM] [PENJUALAN] CASHIER FORM : HOTKEY TO SAVE AND PRINT OUT INVOICE PRESSED
[ADMIN] [8/6/2016 2:21 PM] [PENJUALAN] CASHIER FORM : UNREGISTER HOTKEY
[ADMIN] [8/6/2016 2:21 PM] [PENJUALAN] CASHIER FORM : REGISTER HOTKEY
[ADMIN] [8/6/2016 2:21 PM] [PENJUALAN] ATTEMPT TO SAVE AND PRINT OUT INVOICE
[ADMIN] [8/6/2016 2:21 PM] [PENJUALAN] CASHIER FORM : UNREGISTER HOTKEY
[ADMIN] [8/6/2016 2:21 PM] [PENJUALAN] CASHIER FORM : REGISTER HOTKEY
[ADMIN] [8/6/2016 2:21 PM] [PENJUALAN] CASHIER FORM : cashierDataGridView_KeyDown ATTEMPT TO DELETE ROW
[ADMIN] [8/6/2016 2:21 PM] [PENJUALAN] CASHIER FORM : deleteCurrentRow [1]
[ADMIN] [8/6/2016 2:21 PM] [PENJUALAN] CASHIER FORM : UPDATE ROW NUMBER, TOTAL ROW [1]
[ADMIN] [8/6/2016 2:21 PM] [PENJUALAN] CASHIER FORM : calculateTotal
[ADMIN] [8/6/2016 2:21 PM] [PENJUALAN] CASHIER FORM : calculateTotal [102000]
[ADMIN] [8/6/2016 2:21 PM] [PENJUALAN] CASHIER FORM : calculateTotal, totalAfterDisc [102000]
[ADMIN] [8/6/2016 2:21 PM] [PENJUALAN] CASHIER FORM : HOTKEY TO SAVE AND PRINT OUT INVOICE PRESSED
[ADMIN] [8/6/2016 2:21 PM] [PENJUALAN] CASHIER FORM : UNREGISTER HOTKEY
[ADMIN] [8/6/2016 2:21 PM] [PENJUALAN] CASHIER FORM : REGISTER HOTKEY
[ADMIN] [8/6/2016 2:21 PM] [PENJUALAN] ATTEMPT TO SAVE AND PRINT OUT INVOICE
[ADMIN] [8/6/2016 2:21 PM] [PENJUALAN] CASHIER FORM : UNREGISTER HOTKEY
[ADMIN] [8/6/2016 2:21 PM] [PENJUALAN] CASHIER FORM : REGISTER HOTKEY
[ADMIN] [8/6/2016 2:21 PM] [PENJUALAN] CASHIER FORM : UNREGISTER HOTKEY
[ADMIN] [8/6/2016 2:21 PM] [PENJUALAN] CASHIER FORM : ATTEMPT TO SAVE SALES DATA [06-08-2016 14:21]
[ADMIN] [8/6/2016 2:21 PM] [PENJUALAN] CASHIER FORM : NON CASH - SALES DUE DATE [11-08-2016]
[ADMIN] [8/6/2016 2:21 PM] [PENJUALAN] CHECK IF TAX LIMIT SET FOR PERCENTAGE PURCHASE [0]
[ADMIN] [8/6/2016 2:21 PM] [PENJUALAN] CHECK IF TAX LIMIT SET FOR AVERAGE DAILY PURCHASE [0]
[ADMIN] [8/6/2016 2:21 PM] [PENJUALAN] CASHIER FORM : NO FAKTUR [SLO001]
[ADMIN] [8/6/2016 2:21 PM] [PENJUALAN] CASHIER FORM : MAX SALES INVOICE [1]
[ADMIN] [8/6/2016 2:21 PM] [PENJUALAN] CASHIER FORM : SALES INVOICE [SLO001-2]
[ADMIN] [8/6/2016 2:21 PM] [PENJUALAN] INSERT INTO SALES HEADER [SLO001-2]
[ADMIN] [8/6/2016 2:21 PM] [PENJUALAN] INSERT INTO SALES DETAIL[2, 51000, 2]
[ADMIN] [8/6/2016 2:21 PM] [PENJUALAN] INSERT TO CREDIT TABLE [SLO001-2]
[ADMIN] [8/6/2016 2:21 PM] [PENJUALAN] INSERT TO DAILY JOURNAL TABLE [102000]
[ADMIN] [8/6/2016 2:21 PM] [PENJUALAN] CASHIER FORM : REGISTER HOTKEY
[ADMIN] [8/6/2016 2:21 PM] [PENJUALAN] TRANSACTION SAVED
[ADMIN] [8/6/2016 2:21 PM] [PENJUALAN] VALIDATE USER CREDIT STATUS
[ADMIN] [8/6/2016 2:21 PM] [PENJUALAN] CASHIER FORM : UNREGISTER HOTKEY
[ADMIN] [8/6/2016 2:21 PM] [PENJUALAN] CASHIER FORM : REGISTER HOTKEY
[ADMIN] [8/6/2016 2:22 PM] [PENJUALAN] CASHIER FORM : UNREGISTER HOTKEY
[ADMIN] [8/6/2016 2:22 PM] [PENJUALAN] CASHIER FORM : UNREGISTER HOTKEY
[ADMIN] [8/6/2016 2:22 PM] [] USER ID = 1LOGOUT
